# JRE version: OpenJDK Runtime Environment Corretto-17.0.12.7.1 (17.0.12+7) (build 17.0.12+7-LTS)
# Java VM: OpenJDK 64-Bit Server VM Corretto-17.0.12.7.1 (17.0.12+7-LTS, mixed mode, sharing, tiered, compressed oops, compressed class ptrs, g1 gc, windows-amd64)
GC Precious Log:
 CPUs: 8 total, 8 available
 Memory: 16183M
 Large Page Support: Disabled
 NUMA Support: Disabled
 Compressed Oops: Enabled (32-bit)
 Heap Region Size: 1M
 Heap Min Capacity: 8M
 Heap Initial Capacity: 254M
 Heap Max Capacity: 512M
 Pre-touch: Disabled
 Parallel Workers: 8
 Concurrent Workers: 2
 Concurrent Refinement Workers: 8
 Periodic GC: Disabled
Heap:
 garbage-first heap   total 260096K, used 101324K [0x00000000e0000000, 0x0000000100000000)
  region size 1024K, 5 young (5120K), 5 survivors (5120K)
 Metaspace       used 114124K, committed 114752K, reserved 1179648K
  class space    used 13934K, committed 14272K, reserved 1048576K
GC Heap History (20 events):
Event: 21.441 GC heap after
{Heap after GC invocations=74 (full 0):
 garbage-first heap   total 116736K, used 61271K [0x00000000e0000000, 0x0000000100000000)
  region size 1024K, 5 young (5120K), 5 survivors (5120K)
 Metaspace       used 109441K, committed 110080K, reserved 1179648K
  class space    used 13453K, committed 13760K, reserved 1048576K
}
Event: 21.756 GC heap before
{Heap before GC invocations=75 (full 0):
 garbage-first heap   total 124928K, used 98135K [0x00000000e0000000, 0x0000000100000000)
  region size 1024K, 41 young (41984K), 5 survivors (5120K)
 Metaspace       used 111009K, committed 111680K, reserved 1179648K
  class space    used 13644K, committed 13952K, reserved 1048576K
}
Event: 21.761 GC heap after
{Heap after GC invocations=76 (full 0):
 garbage-first heap   total 124928K, used 62013K [0x00000000e0000000, 0x0000000100000000)
  region size 1024K, 4 young (4096K), 4 survivors (4096K)
 Metaspace       used 111009K, committed 111680K, reserved 1179648K
  class space    used 13644K, committed 13952K, reserved 1048576K
}
Event: 21.782 GC heap before
{Heap before GC invocations=76 (full 0):
 garbage-first heap   total 124928K, used 64061K [0x00000000e0000000, 0x0000000100000000)
  region size 1024K, 6 young (6144K), 4 survivors (4096K)
 Metaspace       used 111101K, committed 111744K, reserved 1179648K
  class space    used 13657K, committed 13952K, reserved 1048576K
}
Event: 21.790 GC heap after
{Heap after GC invocations=77 (full 0):
 garbage-first heap   total 124928K, used 62314K [0x00000000e0000000, 0x0000000100000000)
  region size 1024K, 1 young (1024K), 1 survivors (1024K)
 Metaspace       used 111101K, committed 111744K, reserved 1179648K
  class space    used 13657K, committed 13952K, reserved 1048576K
}
Event: 22.274 GC heap before
{Heap before GC invocations=77 (full 0):
 garbage-first heap   total 124928K, used 106346K [0x00000000e0000000, 0x0000000100000000)
  region size 1024K, 44 young (45056K), 1 survivors (1024K)
 Metaspace       used 112910K, committed 113536K, reserved 1179648K
  class space    used 13847K, committed 14144K, reserved 1048576K
}
Event: 22.278 GC heap after
{Heap after GC invocations=78 (full 0):
 garbage-first heap   total 124928K, used 63616K [0x00000000e0000000, 0x0000000100000000)
  region size 1024K, 2 young (2048K), 2 survivors (2048K)
 Metaspace       used 112910K, committed 113536K, reserved 1179648K
  class space    used 13847K, committed 14144K, reserved 1048576K
}
Event: 22.661 GC heap before
{Heap before GC invocations=79 (full 0):
 garbage-first heap   total 124928K, used 106624K [0x00000000e0000000, 0x0000000100000000)
  region size 1024K, 43 young (44032K), 2 survivors (2048K)
 Metaspace       used 113804K, committed 114496K, reserved 1179648K
  class space    used 13922K, committed 14272K, reserved 1048576K
}
Event: 22.666 GC heap after
{Heap after GC invocations=80 (full 0):
 garbage-first heap   total 124928K, used 69200K [0x00000000e0000000, 0x0000000100000000)
  region size 1024K, 6 young (6144K), 6 survivors (6144K)
 Metaspace       used 113804K, committed 114496K, reserved 1179648K
  class space    used 13922K, committed 14272K, reserved 1048576K
}
Event: 22.669 GC heap before
{Heap before GC invocations=80 (full 0):
 garbage-first heap   total 124928K, used 70224K [0x00000000e0000000, 0x0000000100000000)
  region size 1024K, 7 young (7168K), 6 survivors (6144K)
 Metaspace       used 113804K, committed 114496K, reserved 1179648K
  class space    used 13922K, committed 14272K, reserved 1048576K
}
Event: 22.673 GC heap after
{Heap after GC invocations=81 (full 0):
 garbage-first heap   total 124928K, used 69727K [0x00000000e0000000, 0x0000000100000000)
  region size 1024K, 1 young (1024K), 1 survivors (1024K)
 Metaspace       used 113804K, committed 114496K, reserved 1179648K
  class space    used 13922K, committed 14272K, reserved 1048576K
}
Event: 22.698 GC heap before
{Heap before GC invocations=81 (full 0):
 garbage-first heap   total 124928K, used 80991K [0x00000000e0000000, 0x0000000100000000)
  region size 1024K, 14 young (14336K), 1 survivors (1024K)
 Metaspace       used 113841K, committed 114496K, reserved 1179648K
  class space    used 13922K, committed 14272K, reserved 1048576K
}
Event: 22.701 GC heap after
{Heap after GC invocations=82 (full 0):
 garbage-first heap   total 124928K, used 72396K [0x00000000e0000000, 0x0000000100000000)
  region size 1024K, 4 young (4096K), 4 survivors (4096K)
 Metaspace       used 113841K, committed 114496K, reserved 1179648K
  class space    used 13922K, committed 14272K, reserved 1048576K
}
Event: 22.829 GC heap before
{Heap before GC invocations=82 (full 0):
 garbage-first heap   total 163840K, used 100044K [0x00000000e0000000, 0x0000000100000000)
  region size 1024K, 30 young (30720K), 4 survivors (4096K)
 Metaspace       used 113861K, committed 114496K, reserved 1179648K
  class space    used 13922K, committed 14272K, reserved 1048576K
}
Event: 22.833 GC heap after
{Heap after GC invocations=83 (full 0):
 garbage-first heap   total 163840K, used 77402K [0x00000000e0000000, 0x0000000100000000)
  region size 1024K, 4 young (4096K), 4 survivors (4096K)
 Metaspace       used 113861K, committed 114496K, reserved 1179648K
  class space    used 13922K, committed 14272K, reserved 1048576K
}
Event: 23.181 GC heap before
{Heap before GC invocations=84 (full 0):
 garbage-first heap   total 163840K, used 127578K [0x00000000e0000000, 0x0000000100000000)
  region size 1024K, 53 young (54272K), 4 survivors (4096K)
 Metaspace       used 114105K, committed 114752K, reserved 1179648K
  class space    used 13934K, committed 14272K, reserved 1048576K
}
Event: 23.191 GC heap after
{Heap after GC invocations=85 (full 0):
 garbage-first heap   total 163840K, used 91224K [0x00000000e0000000, 0x0000000100000000)
  region size 1024K, 7 young (7168K), 7 survivors (7168K)
 Metaspace       used 114105K, committed 114752K, reserved 1179648K
  class space    used 13934K, committed 14272K, reserved 1048576K
}
Event: 23.205 GC heap before
{Heap before GC invocations=85 (full 0):
 garbage-first heap   total 163840K, used 92248K [0x00000000e0000000, 0x0000000100000000)
  region size 1024K, 8 young (8192K), 7 survivors (7168K)
 Metaspace       used 114121K, committed 114752K, reserved 1179648K
  class space    used 13934K, committed 14272K, reserved 1048576K
}
Event: 23.209 GC heap after
{Heap after GC invocations=86 (full 0):
 garbage-first heap   total 163840K, used 92594K [0x00000000e0000000, 0x0000000100000000)
  region size 1024K, 1 young (1024K), 1 survivors (1024K)
 Metaspace       used 114121K, committed 114752K, reserved 1179648K
  class space    used 13934K, committed 14272K, reserved 1048576K
}
Event: 23.295 GC heap before
{Heap before GC invocations=86 (full 0):
 garbage-first heap   total 163840K, used 128434K [0x00000000e0000000, 0x0000000100000000)
  region size 1024K, 34 young (34816K), 1 survivors (1024K)
 Metaspace       used 114124K, committed 114752K, reserved 1179648K
  class space    used 13934K, committed 14272K, reserved 1048576K
}

